# JRE version: Java(TM) SE Runtime Environment (8.0_60-b27) (build 1.8.0_60-b27)
# Java VM: Java HotSpot(TM) 64-Bit Server VM (25.60-b23 mixed mode windows-amd64 compressed oops)
Heap:
 PSYoungGen      total 615936K, used 583642K [0x00000000d5580000, 0x00000000ffa00000, 0x0000000100000000)
  eden space 539136K, 100% used [0x00000000d5580000,0x00000000f6400000,0x00000000f6400000)
  from space 76800K, 57% used [0x00000000faf00000,0x00000000fda76860,0x00000000ffa00000)
  to   space 76800K, 33% used [0x00000000f6400000,0x00000000f7d56da0,0x00000000faf00000)
 ParOldGen       total 324096K, used 108209K [0x0000000080000000, 0x0000000093c80000, 0x00000000d5580000)
  object space 324096K, 33% used [0x0000000080000000,0x00000000869ac430,0x0000000093c80000)
 Metaspace       used 70766K, capacity 74518K, committed 75392K, reserved 1114112K
  class space    used 8825K, capacity 9492K, committed 9856K, reserved 1048576K
GC Heap History (10 events):
Event: 2002.323 GC heap after
Heap after GC invocations=51 (full 8):
 PSYoungGen      total 572416K, used 41605K [0x00000000d5580000, 0x00000000ff780000, 0x0000000100000000)
  eden space 530432K, 0% used [0x00000000d5580000,0x00000000d5580000,0x00000000f5b80000)
  from space 41984K, 99% used [0x00000000f5b80000,0x00000000f8421718,0x00000000f8480000)
  to   space 79872K, 0% used [0x00000000fa980000,0x00000000fa980000,0x00000000ff780000)
 ParOldGen       total 324096K, used 108129K [0x0000000080000000, 0x0000000093c80000, 0x00000000d5580000)
  object space 324096K, 33% used [0x0000000080000000,0x0000000086998720,0x0000000093c80000)
 Metaspace       used 70476K, capacity 74514K, committed 74880K, reserved 1114112K
  class space    used 8932K, capacity 9737K, committed 9856K, reserved 1048576K
}
Event: 2031.266 GC heap before
{Heap before GC invocations=52 (full 8):
 PSYoungGen      total 572416K, used 428607K [0x00000000d5580000, 0x00000000ff780000, 0x0000000100000000)
  eden space 530432K, 72% used [0x00000000d5580000,0x00000000ecf6e818,0x00000000f5b80000)
  from space 41984K, 99% used [0x00000000f5b80000,0x00000000f8421718,0x00000000f8480000)
  to   space 79872K, 0% used [0x00000000fa980000,0x00000000fa980000,0x00000000ff780000)
 ParOldGen       total 324096K, used 108129K [0x0000000080000000, 0x0000000093c80000, 0x00000000d5580000)
  object space 324096K, 33% used [0x0000000080000000,0x0000000086998720,0x0000000093c80000)
 Metaspace       used 71209K, capacity 75272K, committed 75392K, reserved 1114112K
  class space    used 8972K, capacity 9746K, committed 9856K, reserved 1048576K
Event: 2031.291 GC heap after
Heap after GC invocations=52 (full 8):
 PSYoungGen      total 608768K, used 10022K [0x00000000d5580000, 0x00000000ffa80000, 0x0000000100000000)
  eden space 528896K, 0% used [0x00000000d5580000,0x00000000d5580000,0x00000000f5a00000)
  from space 79872K, 12% used [0x00000000fa980000,0x00000000fb349868,0x00000000ff780000)
  to   space 81408K, 0% used [0x00000000f5a00000,0x00000000f5a00000,0x00000000fa980000)
 ParOldGen       total 324096K, used 123059K [0x0000000080000000, 0x0000000093c80000, 0x00000000d5580000)
  object space 324096K, 37% used [0x0000000080000000,0x000000008782cc80,0x0000000093c80000)
 Metaspace       used 71209K, capacity 75272K, committed 75392K, reserved 1114112K
  class space    used 8972K, capacity 9746K, committed 9856K, reserved 1048576K
}
Event: 2031.292 GC heap before
{Heap before GC invocations=53 (full 9):
 PSYoungGen      total 608768K, used 10022K [0x00000000d5580000, 0x00000000ffa80000, 0x0000000100000000)
  eden space 528896K, 0% used [0x00000000d5580000,0x00000000d5580000,0x00000000f5a00000)
  from space 79872K, 12% used [0x00000000fa980000,0x00000000fb349868,0x00000000ff780000)
  to   space 81408K, 0% used [0x00000000f5a00000,0x00000000f5a00000,0x00000000fa980000)
 ParOldGen       total 324096K, used 123059K [0x0000000080000000, 0x0000000093c80000, 0x00000000d5580000)
  object space 324096K, 37% used [0x0000000080000000,0x000000008782cc80,0x0000000093c80000)
 Metaspace       used 71209K, capacity 75272K, committed 75392K, reserved 1114112K
  class space    used 8972K, capacity 9746K, committed 9856K, reserved 1048576K
Event: 2031.876 GC heap after
Heap after GC invocations=53 (full 9):
 PSYoungGen      total 608768K, used 0K [0x00000000d5580000, 0x00000000ffa80000, 0x0000000100000000)
  eden space 528896K, 0% used [0x00000000d5580000,0x00000000d5580000,0x00000000f5a00000)
  from space 79872K, 0% used [0x00000000fa980000,0x00000000fa980000,0x00000000ff780000)
  to   space 81408K, 0% used [0x00000000f5a00000,0x00000000f5a00000,0x00000000fa980000)
 ParOldGen       total 324096K, used 79871K [0x0000000080000000, 0x0000000093c80000, 0x00000000d5580000)
  object space 324096K, 24% used [0x0000000080000000,0x0000000084dfff40,0x0000000093c80000)
 Metaspace       used 70407K, capacity 74062K, committed 75392K, reserved 1114112K
  class space    used 8795K, capacity 9444K, committed 9856K, reserved 1048576K
}
Event: 2041.288 GC heap before
{Heap before GC invocations=54 (full 9):
 PSYoungGen      total 608768K, used 528896K [0x00000000d5580000, 0x00000000ffa80000, 0x0000000100000000)
  eden space 528896K, 100% used [0x00000000d5580000,0x00000000f5a00000,0x00000000f5a00000)
  from space 79872K, 0% used [0x00000000fa980000,0x00000000fa980000,0x00000000ff780000)
  to   space 81408K, 0% used [0x00000000f5a00000,0x00000000f5a00000,0x00000000fa980000)
 ParOldGen       total 324096K, used 79871K [0x0000000080000000, 0x0000000093c80000, 0x00000000d5580000)
  object space 324096K, 24% used [0x0000000080000000,0x0000000084dfff40,0x0000000093c80000)
 Metaspace       used 70765K, capacity 74518K, committed 75392K, reserved 1114112K
  class space    used 8825K, capacity 9492K, committed 9856K, reserved 1048576K
Event: 2041.323 GC heap after
Heap after GC invocations=54 (full 9):
 PSYoungGen      total 610304K, used 30698K [0x00000000d5580000, 0x00000000ffb80000, 0x0000000100000000)
  eden space 528896K, 0% used [0x00000000d5580000,0x00000000d5580000,0x00000000f5a00000)
  from space 81408K, 37% used [0x00000000f5a00000,0x00000000f77fa808,0x00000000fa980000)
  to   space 78336K, 0% used [0x00000000faf00000,0x00000000faf00000,0x00000000ffb80000)
 ParOldGen       total 324096K, used 79879K [0x0000000080000000, 0x0000000093c80000, 0x00000000d5580000)
  object space 324096K, 24% used [0x0000000080000000,0x0000000084e01f40,0x0000000093c80000)
 Metaspace       used 70765K, capacity 74518K, committed 75392K, reserved 1114112K
  class space    used 8825K, capacity 9492K, committed 9856K, reserved 1048576K
}
Event: 2041.916 GC heap before
{Heap before GC invocations=55 (full 9):
 PSYoungGen      total 610304K, used 559594K [0x00000000d5580000, 0x00000000ffb80000, 0x0000000100000000)
  eden space 528896K, 100% used [0x00000000d5580000,0x00000000f5a00000,0x00000000f5a00000)
  from space 81408K, 37% used [0x00000000f5a00000,0x00000000f77fa808,0x00000000fa980000)
  to   space 78336K, 0% used [0x00000000faf00000,0x00000000faf00000,0x00000000ffb80000)
 ParOldGen       total 324096K, used 83756K [0x0000000080000000, 0x0000000093c80000, 0x00000000d5580000)
  object space 324096K, 25% used [0x0000000080000000,0x00000000851cb2e0,0x0000000093c80000)
 Metaspace       used 70765K, capacity 74518K, committed 75392K, reserved 1114112K
  class space    used 8825K, capacity 9492K, committed 9856K, reserved 1048576K
Event: 2041.982 GC heap after
Heap after GC invocations=55 (full 9):
 PSYoungGen      total 615936K, used 44506K [0x00000000d5580000, 0x00000000ffa00000, 0x0000000100000000)
  eden space 539136K, 0% used [0x00000000d5580000,0x00000000d5580000,0x00000000f6400000)
  from space 76800K, 57% used [0x00000000faf00000,0x00000000fda76860,0x00000000ffa00000)
  to   space 76800K, 0% used [0x00000000f6400000,0x00000000f6400000,0x00000000faf00000)
 ParOldGen       total 324096K, used 97436K [0x0000000080000000, 0x0000000093c80000, 0x00000000d5580000)
  object space 324096K, 30% used [0x0000000080000000,0x0000000085f273e0,0x0000000093c80000)
 Metaspace       used 70765K, capacity 74518K, committed 75392K, reserved 1114112K
  class space    used 8825K, capacity 9492K, committed 9856K, reserved 1048576K
}
Event: 2042.572 GC heap before
{Heap before GC invocations=56 (full 9):
 PSYoungGen      total 615936K, used 583642K [0x00000000d5580000, 0x00000000ffa00000, 0x0000000100000000)
  eden space 539136K, 100% used [0x00000000d5580000,0x00000000f6400000,0x00000000f6400000)
  from space 76800K, 57% used [0x00000000faf00000,0x00000000fda76860,0x00000000ffa00000)
  to   space 76800K, 0% used [0x00000000f6400000,0x00000000f6400000,0x00000000faf00000)
 ParOldGen       total 324096K, used 97438K [0x0000000080000000, 0x0000000093c80000, 0x00000000d5580000)
  object space 324096K, 30% used [0x0000000080000000,0x0000000085f27aa8,0x0000000093c80000)
 Metaspace       used 70766K, capacity 74518K, committed 75392K, reserved 1114112K
  class space    used 8825K, capacity 9492K, committed 9856K, reserved 1048576K

